<?xml version="1.0" encoding="UTF-8"?>
<!-- Generated by org.testng.reporters.JUnitReportReporter -->
<testsuite hostname="DESKTOP-USQ9BTI" failures="0" tests="4" name="testngDemos.MutliTestDemo" time="0.009" errors="0" timestamp="2022-12-08T16:04:56 IST" skipped="0">
  <testcase classname="testngDemos.MutliTestDemo" name="Login" time="0.001"/>
  <system-out/>
  <testcase classname="testngDemos.MutliTestDemo" name="SignOut" time="0.001"/>
  <system-out/>
  <testcase classname="testngDemos.MutliTestDemo" name="Withdraw" time="0.000"/>
  <system-out/>
  <testcase classname="testngDemos.MutliTestDemo" name="Deposit" time="0.007"/>
  <system-out/>
</testsuite> <!-- testngDemos.MutliTestDemo -->
