<?xml version="1.0" encoding="UTF-8"?>
<!-- Generated by org.testng.reporters.JUnitReportReporter -->
<testsuite hostname="DESKTOP-USQ9BTI" failures="0" tests="1" name="testngDemos.UsingAnnotaions1" time="2.032" errors="0" timestamp="2022-12-08T16:57:52 IST" skipped="0">
  <testcase classname="testngDemos.UsingAnnotaions1" name="Search" time="2.032"/>
  <system-out/>
</testsuite> <!-- testngDemos.UsingAnnotaions1 -->
