<?xml version="1.0" encoding="UTF-8"?>
<!-- Generated by org.testng.reporters.JUnitReportReporter -->
<testsuite hostname="DESKTOP-USQ9BTI" failures="0" tests="4" name="testngDemos.PrioritizedTestDemo" time="0.009" errors="0" timestamp="2022-12-08T16:17:13 IST" skipped="1">
  <testcase classname="testngDemos.PrioritizedTestDemo" name="Login" time="0.007"/>
  <system-out/>
  <testcase classname="testngDemos.PrioritizedTestDemo" name="Deposit" time="0.001"/>
  <system-out/>
  <testcase classname="testngDemos.PrioritizedTestDemo" name="Withdraw" time="0.001"/>
  <system-out/>
  <testcase classname="testngDemos.PrioritizedTestDemo" name="SignOut">
    <skipped/>
  </testcase> <!-- SignOut -->
  <system-out/>
</testsuite> <!-- testngDemos.PrioritizedTestDemo -->
