<?xml version="1.0" encoding="UTF-8"?>
<!-- Generated by org.testng.reporters.JUnitReportReporter -->
<testsuite hostname="DESKTOP-USQ9BTI" failures="0" tests="2" name="testngDemos.GroupTestDemo" time="0.007" errors="0" timestamp="2022-12-08T16:30:21 IST" skipped="0">
  <testcase classname="testngDemos.GroupTestDemo" name="Deposit" time="0.006"/>
  <system-out/>
  <testcase classname="testngDemos.GroupTestDemo" name="Withdraw" time="0.001"/>
  <system-out/>
</testsuite> <!-- testngDemos.GroupTestDemo -->
