<?xml version="1.0" encoding="UTF-8"?>
<!-- Generated by org.testng.reporters.JUnitReportReporter -->
<testsuite hostname="DESKTOP-USQ9BTI" failures="0" tests="1" name="pkg1.MyTest" time="8.403" errors="0" timestamp="2022-11-28T08:47:07 IST" skipped="0">
  <testcase classname="pkg1.MyTest" name="SearchTest" time="8.403"/>
  <system-out>
    <![CDATA[Ebay Product search test is Successful...]]>
  </system-out>
</testsuite> <!-- pkg1.MyTest -->
