<?xml version="1.0" encoding="UTF-8"?>
<!-- Generated by org.testng.reporters.JUnitReportReporter -->
<testsuite hostname="DESKTOP-USQ9BTI" failures="0" tests="1" name="testngDemos.UsingAnnotations2" time="1.542" errors="0" timestamp="2022-12-08T16:58:38 IST" skipped="0">
  <testcase classname="testngDemos.UsingAnnotations2" name="getMain" time="1.542"/>
  <system-out/>
</testsuite> <!-- testngDemos.UsingAnnotations2 -->
