<?xml version="1.0" encoding="UTF-8"?>
<!-- Generated by org.testng.reporters.JUnitReportReporter -->
<testsuite hostname="DESKTOP-USQ9BTI" failures="0" tests="1" name="pkg1.Test3" time="10.760" errors="0" timestamp="2022-12-14T09:49:01 IST" skipped="0">
  <testcase classname="pkg1.Test3" name="aSearch" time="10.760"/>
  <system-out>
    <![CDATA[Amazon product Search Test is Successful...]]>
  </system-out>
</testsuite> <!-- pkg1.Test3 -->
